<?xml version="1.0" encoding="UTF-8"?>
<Site BuildName="(empty)"
	BuildStamp="20250823-1149-Experimental"
	Name="(empty)"
	Generator="ctest-3.28.3"
	CompilerName=""
	CompilerVersion=""
	OSName="Linux"
	Hostname="Kvil-PC"
	OSRelease="6.8.0-71-generic"
	OSVersion="#71-Ubuntu SMP PREEMPT_DYNAMIC Tue Jul 22 16:52:38 UTC 2025"
	OSPlatform="x86_64"
	Is64Bits="1"
	VendorString="GenuineIntel"
	VendorID="Intel Corporation"
	FamilyID="6"
	ModelID="140"
	ProcessorCacheSize="8192"
	NumberOfLogicalCPU="8"
	NumberOfPhysicalCPU="4"
	TotalVirtualMemory="0"
	TotalPhysicalMemory="19778"
	LogicalProcessorsPerPhysical="2"
	ProcessorClockFrequency="1599.87"
	>
	<Testing>
		<StartDateTime>Aug 23 13:57 CEST</StartDateTime>
		<StartTestTime>1755950276</StartTestTime>
		<TestList/>
		<EndDateTime>Aug 23 13:57 CEST</EndDateTime>
		<EndTestTime>1755950276</EndTestTime>
		<ElapsedMinutes>0</ElapsedMinutes>
	</Testing>
</Site>
